Temp/gradleOut/unityLibrary/build/intermediates/manifest_merge_blame_file/release/manifest-merger-blame-release-report.txt
1<?xml version="1.0" encoding="utf-8"?>
2<manifest xmlns:android="http://schemas.android.com/apk/res/android"
3    xmlns:tools="http://schemas.android.com/tools"
4    package="com.unity3d.player"
5    android:versionCode="1"
6    android:versionName="1.0.3" >
7
8    <uses-sdk
9        android:minSdkVersion="19"
9-->src\main\AndroidManifest.xml
10        android:targetSdkVersion="29" />
10-->src\main\AndroidManifest.xml
11
12    <uses-feature android:glEsVersion="0x00030000" />
12-->src\main\AndroidManifest.xml:29:3-52
12-->src\main\AndroidManifest.xml:29:17-49
13    <uses-feature
13-->src\main\AndroidManifest.xml:30:3-91
14        android:name="android.hardware.vulkan.version"
14-->src\main\AndroidManifest.xml:30:17-63
15        android:required="false" />
15-->src\main\AndroidManifest.xml:30:64-88
16    <uses-feature
16-->src\main\AndroidManifest.xml:31:3-88
17        android:name="android.hardware.touchscreen"
17-->src\main\AndroidManifest.xml:31:17-60
18        android:required="false" />
18-->src\main\AndroidManifest.xml:31:61-85
19    <uses-feature
19-->src\main\AndroidManifest.xml:32:3-99
20        android:name="android.hardware.touchscreen.multitouch"
20-->src\main\AndroidManifest.xml:32:17-71
21        android:required="false" />
21-->src\main\AndroidManifest.xml:32:72-96
22    <uses-feature
22-->src\main\AndroidManifest.xml:33:3-108
23        android:name="android.hardware.touchscreen.multitouch.distinct"
23-->src\main\AndroidManifest.xml:33:17-80
24        android:required="false" />
24-->src\main\AndroidManifest.xml:33:81-105
25
26    <application
26-->src\main\AndroidManifest.xml:3:3-28:17
27        android:icon="@mipmap/app_icon"
27-->src\main\AndroidManifest.xml:3:49-80
28        android:label="@string/app_name" >
28-->src\main\AndroidManifest.xml:3:16-48
29
30        <!--
31         The MessagingUnityPlayerActivity is a class that extends
32         UnityPlayerActivity to work around a known issue when receiving
33         notification data payloads in the background.
34        -->
35        <activity
35-->src\main\AndroidManifest.xml:7:5-14:16
36            android:name="com.google.firebase.MessagingUnityPlayerActivity"
36-->src\main\AndroidManifest.xml:7:15-78
37            android:configChanges="mcc|mnc|locale|touchscreen|keyboard|keyboardHidden|navigation|orientation|screenLayout|uiMode|screenSize|smallestScreenSize|fontScale|layoutDirection|density"
37-->src\main\AndroidManifest.xml:7:155-336
38            android:hardwareAccelerated="false"
38-->src\main\AndroidManifest.xml:7:372-407
39            android:launchMode="singleTask"
39-->src\main\AndroidManifest.xml:7:123-154
40            android:resizeableActivity="false"
40-->src\main\AndroidManifest.xml:7:337-371
41            android:screenOrientation="sensorLandscape" >
41-->src\main\AndroidManifest.xml:7:79-122
42            <intent-filter>
42-->src\main\AndroidManifest.xml:8:7-11:23
43                <action android:name="android.intent.action.MAIN" />
43-->src\main\AndroidManifest.xml:9:9-61
43-->src\main\AndroidManifest.xml:9:17-58
44
45                <category android:name="android.intent.category.LAUNCHER" />
45-->src\main\AndroidManifest.xml:10:9-69
45-->src\main\AndroidManifest.xml:10:19-66
46            </intent-filter>
47
48            <meta-data
48-->src\main\AndroidManifest.xml:12:7-82
49                android:name="unityplayer.UnityActivity"
49-->src\main\AndroidManifest.xml:12:18-58
50                android:value="true" />
50-->src\main\AndroidManifest.xml:12:59-79
51            <meta-data
51-->src\main\AndroidManifest.xml:13:7-78
52                android:name="android.notch_support"
52-->src\main\AndroidManifest.xml:13:18-54
53                android:value="true" />
53-->src\main\AndroidManifest.xml:13:55-75
54        </activity>
55
56        <service
56-->src\main\AndroidManifest.xml:15:5-16:15
57            android:name="com.google.firebase.messaging.MessageForwardingService"
57-->src\main\AndroidManifest.xml:15:14-83
58            android:exported="false"
58-->src\main\AndroidManifest.xml:15:141-165
59            android:permission="android.permission.BIND_JOB_SERVICE" >
59-->src\main\AndroidManifest.xml:15:84-140
60        </service>
61
62        <meta-data
62-->src\main\AndroidManifest.xml:17:5-69
63            android:name="unity.splash-mode"
63-->src\main\AndroidManifest.xml:17:16-48
64            android:value="0" />
64-->src\main\AndroidManifest.xml:17:49-66
65        <meta-data
65-->src\main\AndroidManifest.xml:18:5-74
66            android:name="unity.splash-enable"
66-->src\main\AndroidManifest.xml:18:16-50
67            android:value="True" />
67-->src\main\AndroidManifest.xml:18:51-71
68        <meta-data
68-->src\main\AndroidManifest.xml:19:5-84
69            android:name="unity.allow-resizable-window"
69-->src\main\AndroidManifest.xml:19:16-59
70            android:value="False" />
70-->src\main\AndroidManifest.xml:19:60-81
71        <meta-data
71-->src\main\AndroidManifest.xml:20:5-81
72            android:name="notch.config"
72-->src\main\AndroidManifest.xml:20:16-43
73            android:value="portrait|landscape" />
73-->src\main\AndroidManifest.xml:20:44-78
74        <meta-data
74-->src\main\AndroidManifest.xml:21:5-101
75            android:name="unity.build-id"
75-->src\main\AndroidManifest.xml:21:16-45
76            android:value="15e94078-e32c-45e3-9b17-7d264e5a22d9" />
76-->src\main\AndroidManifest.xml:21:46-98
77
78        <receiver
78-->src\main\AndroidManifest.xml:22:5-112
79            android:name="com.unity.androidnotifications.UnityNotificationManager"
79-->src\main\AndroidManifest.xml:22:15-85
80            android:exported="true" />
80-->src\main\AndroidManifest.xml:22:86-109
81        <receiver
81-->src\main\AndroidManifest.xml:23:5-27:16
82            android:name="com.unity.androidnotifications.UnityNotificationRestartOnBootReceiver"
82-->src\main\AndroidManifest.xml:23:15-99
83            android:enabled="false" >
83-->src\main\AndroidManifest.xml:23:100-123
84            <intent-filter>
84-->src\main\AndroidManifest.xml:24:7-26:23
85                <action android:name="android.intent.action.BOOT_COMPLETED" />
85-->src\main\AndroidManifest.xml:25:9-71
85-->src\main\AndroidManifest.xml:25:17-68
86            </intent-filter>
87        </receiver>
88    </application>
89
90</manifest>